#
# A fatal error has been detected by the Java Runtime Environment:
#
#  EXCEPTION_ACCESS_VIOLATION (0xc0000005) at pc=0x00000000, pid=2132, tid=596
#
# JRE version: 7.0_09-b05
# Java VM: Java HotSpot(TM) Client VM (23.5-b02 mixed mode windows-x86 )
# Problematic frame:
# C  0x00000000
#
# Failed to write core dump. Minidumps are not enabled by default on client versions of Windows
#
# If you would like to submit a bug report, please visit:
#   http://bugreport.sun.com/bugreport/crash.jsp
#

---------------  T H R E A D  ---------------

Current thread (0x20a48800):  JavaThread "main" [_thread_in_Java, id=596, stack(0x015f0000,0x055f0000)]

siginfo: ExceptionCode=0xc0000005, reading address 0x00000000

Registers:
EAX=0x04000000, EBX=0x42c5d540, ECX=0x22c50da0, EDX=0x0c800001
ESP=0x055e43d0, EBP=0x055e43f8, ESI=0x055e43d4, EDI=0x055e43fc
EIP=0x00000000, EFLAGS=0x00010216

Top of Stack: (sp=0x055e43d0)
0x055e43d0:   20ad353b 22c50da0 055e43d8 42c67403
0x055e43e0:   055e43fc 42cbd0b8 00000000 42c67440
0x055e43f0:   055e43d4 055e4400 055e4410 20ad03d7
0x055e4400:   00001f80 20ad0372 20a48800 42c67440
0x055e4410:   055e448c 2074a39a 055e4444 055e4518
0x055e4420:   0000000a 42c67440 20ad98c0 055e4524
0x055e4430:   00000000 20a48800 42c67440 20a48800
0x055e4440:   20a48800 20a48800 22c2bac8 42c67440 

Instructions: (pc=0x00000000)
0xffffffe0:   


Register to memory mapping:

EAX=0x04000000 is pointing into the stack for thread: 0x20a48800
EBX=0x42c5d540 is an oop
{method} 
 - klass: {other class}
ECX=0x22c50da0 is an oop
java.lang.Class 
 - klass: 'java/lang/Class'
EDX=0x0c800001 is an unknown value
ESP=0x055e43d0 is pointing into the stack for thread: 0x20a48800
EBP=0x055e43f8 is pointing into the stack for thread: 0x20a48800
ESI=0x055e43d4 is pointing into the stack for thread: 0x20a48800
EDI=0x055e43fc is pointing into the stack for thread: 0x20a48800


Stack: [0x015f0000,0x055f0000],  sp=0x055e43d0,  free space=65488k

---------------  P R O C E S S  ---------------

Java Threads: ( => current thread )
  0x22c30000 JavaThread "Reference Handler" daemon [_thread_blocked, id=2812, stack(0x4cc60000,0x50c60000)]
=>0x20a48800 JavaThread "main" [_thread_in_Java, id=596, stack(0x015f0000,0x055f0000)]

Other Threads:
  0x22c2a800 VMThread [stack: 0x48c60000,0x4cc60000] [id=960]

VM state:not at safepoint (normal execution)

VM Mutex/Monitor currently owned by a thread: None

Heap
 def new generation   total 4928K, used 88K [0x22c50000, 0x231a0000, 0x2d6f0000)
  eden space 4416K,   2% used [0x22c50000, 0x22c661b8, 0x230a0000)
  from space 512K,   0% used [0x230a0000, 0x230a0000, 0x23120000)
  to   space 512K,   0% used [0x23120000, 0x23120000, 0x231a0000)
 tenured generation   total 10944K, used 0K [0x2d6f0000, 0x2e1a0000, 0x42c50000)
   the space 10944K,   0% used [0x2d6f0000, 0x2d6f0000, 0x2d6f0200, 0x2e1a0000)
 compacting perm gen  total 12288K, used 522K [0x42c50000, 0x43850000, 0x46c50000)
   the space 12288K,   4% used [0x42c50000, 0x42cd28b8, 0x42cd2a00, 0x43850000)
No shared spaces configured.

Card table byte_map: [0x48a50000,0x48b80000] byte_map_base: 0x48939d80

Polling page: 0x20a80000

Code Cache  [0x20ad0000, 0x20b18000, 0x22ad0000)
 total_blobs=41 nmethods=0 adapters=18 free_code_cache=32498Kb largest_free_block=33278592

Compilation events (0 events):
No events

GC Heap History (0 events):
No events

Deoptimization events (0 events):
No events

Internal exceptions (0 events):
No events

Events (10 events):
Event: 0.268 loading class 0x22c0f280 done
Event: 0.268 Thread 0x22c30000 Thread added: 0x22c30000
Event: 0.268 loading class 0x22c0f2c0
Event: 0.268 loading class 0x22c0f2c0 done
Event: 0.268 loading class 0x22c31430
Event: 0.268 loading class 0x22c31430 done
Event: 0.268 loading class 0x22c313f8
Event: 0.268 loading class 0x22c313f8 done
Event: 0.268 loading class 0x22c10830
Event: 0.268 loading class 0x22c10830 done


Dynamic libraries:
0x00400000 - 0x015e3000 	C:\Program Files\RStudio\bin\rsession.exe
0x7c900000 - 0x7c9b2000 	C:\WINDOWS\system32\ntdll.dll
0x7c800000 - 0x7c8f5000 	C:\WINDOWS\system32\kernel32.dll
0x77f60000 - 0x77fd6000 	C:\WINDOWS\system32\SHLWAPI.DLL
0x77dd0000 - 0x77e6b000 	C:\WINDOWS\system32\ADVAPI32.dll
0x77e70000 - 0x77f02000 	C:\WINDOWS\system32\RPCRT4.dll
0x77fe0000 - 0x77ff1000 	C:\WINDOWS\system32\Secur32.dll
0x77f10000 - 0x77f58000 	C:\WINDOWS\system32\GDI32.dll
0x7e410000 - 0x7e4a0000 	C:\WINDOWS\system32\USER32.dll
0x77c10000 - 0x77c68000 	C:\WINDOWS\system32\msvcrt.dll
0x71a50000 - 0x71a8f000 	C:\WINDOWS\system32\MSWSOCK.DLL
0x71ab0000 - 0x71ac7000 	C:\WINDOWS\system32\WS2_32.dll
0x71aa0000 - 0x71aa8000 	C:\WINDOWS\system32\WS2HELP.dll
0x774e0000 - 0x7761d000 	C:\WINDOWS\system32\OLE32.dll
0x7c9c0000 - 0x7d1d6000 	C:\WINDOWS\system32\SHELL32.DLL
0x6e940000 - 0x6e950000 	C:\Program Files\RStudio\bin\libgcc_s_dw2-1.dll
0x63540000 - 0x635a8000 	C:\R\R-2.15.1\bin\i386\Rgraphapp.dll
0x6c700000 - 0x6cb1c000 	C:\R\R-2.15.1\bin\i386\R.dll
0x6e180000 - 0x6e1c1000 	C:\R\R-2.15.1\bin\i386\Rblas.dll
0x641c0000 - 0x641de000 	C:\R\R-2.15.1\bin\i386\Riconv.dll
0x6f8c0000 - 0x6f8ec000 	C:\R\R-2.15.1\bin\i386\Rzlib.dll
0x77c00000 - 0x77c08000 	C:\WINDOWS\system32\VERSION.dll
0x5d090000 - 0x5d12a000 	C:\WINDOWS\system32\COMCTL32.DLL
0x763b0000 - 0x763f9000 	C:\WINDOWS\system32\COMDLG32.DLL
0x76390000 - 0x763ad000 	C:\WINDOWS\system32\IMM32.DLL
0x76380000 - 0x76385000 	C:\WINDOWS\system32\MSIMG32.DLL
0x773d0000 - 0x774d3000 	C:\WINDOWS\WinSxS\x86_Microsoft.Windows.Common-Controls_6595b64144ccf1df_6.0.2600.2982_x-ww_ac3f9c03\comctl32.dll
0x662b0000 - 0x66308000 	C:\WINDOWS\system32\hnetcfg.dll
0x71a90000 - 0x71a98000 	C:\WINDOWS\System32\wshtcpip.dll
0x5ad70000 - 0x5ada8000 	C:\WINDOWS\system32\uxtheme.dll
0x64a40000 - 0x64a50000 	C:\R\R-2.15.1\library\methods\libs\i386\methods.dll
0x74720000 - 0x7476b000 	C:\WINDOWS\system32\MSCTF.dll
0x6fc80000 - 0x6fcc3000 	C:\R\R-2.15.1\library\grDevices\libs\i386\grDevices.dll
0x71100000 - 0x7116d000 	C:\R\R-2.15.1\library\stats\libs\i386\stats.dll
0x6bcc0000 - 0x6bed9000 	C:\R\R-2.15.1\bin\i386\Rlapack.dll
0x6d400000 - 0x6d40e000 	C:\R\R-2.15.1\library\tools\libs\i386\tools.dll
0x77b40000 - 0x77b62000 	C:\WINDOWS\system32\Apphelp.dll
0x66900000 - 0x66914000 	C:\R\R-2.15.1\library\randomForest\libs\i386\randomForest.dll
0x66340000 - 0x6634b000 	C:\R\R-2.15.1\library\plyr\libs\i386\plyr.dll
0x6ea80000 - 0x6eaa9000 	C:\R\R-2.15.1\library\grid\libs\i386\grid.dll
0x6dfc0000 - 0x6dfcd000 	C:\R\R-2.15.1\library\lattice\libs\i386\lattice.dll
0x6f4c0000 - 0x6f508000 	C:\R\R-2.15.1\library\vegan\libs\i386\vegan.dll
0x1afd0000 - 0x1b00a000 	C:\R\R-2.15.1\library\png\libs\i386\png.dll
0x62e80000 - 0x62f02000 	C:\R\R-2.15.1\library\rjson\libs\i386\rjson.dll
0x657c0000 - 0x657d5000 	C:\R\R-2.15.1\library\colorspace\libs\i386\colorspace.dll
0x6edc0000 - 0x6ee97000 	C:\R\R-2.15.1\library\RSQLite\libs\i386\RSQLite.dll
0x1ff30000 - 0x1ff3d000 	C:\R\R-2.15.1\library\parallel\libs\i386\parallel.dll
0x1ff40000 - 0x1ff53000 	C:\R\R-2.15.1\library\digest\libs\i386\digest.dll
0x1ff60000 - 0x1ff6f000 	C:\R\R-2.15.1\library\MASS\libs\i386\MASS.dll
0x1ff70000 - 0x1ffa4000 	C:\R\R-215~1.1\modules\i386\internet2.dll
0x1ffb0000 - 0x20058000 	C:\WINDOWS\system32\WININET.DLL
0x20060000 - 0x200f4000 	C:\WINDOWS\system32\CRYPT32.dll
0x20100000 - 0x20112000 	C:\WINDOWS\system32\MSASN1.dll
0x20120000 - 0x201ab000 	C:\WINDOWS\system32\OLEAUT32.dll
0x20270000 - 0x20323000 	C:\WINDOWS\system32\USERENV.dll
0x201c0000 - 0x20214000 	C:\WINDOWS\system32\netapi32.dll
0x71ad0000 - 0x71ad9000 	C:\WINDOWS\system32\wsock32.dll
0x20330000 - 0x2036c000 	C:\WINDOWS\system32\RASAPI32.DLL
0x20240000 - 0x20252000 	C:\WINDOWS\system32\rasman.dll
0x20370000 - 0x2039f000 	C:\WINDOWS\system32\TAPI32.dll
0x203a0000 - 0x203ae000 	C:\WINDOWS\system32\rtutils.dll
0x203b0000 - 0x203dd000 	C:\WINDOWS\system32\WINMM.dll
0x20460000 - 0x20465000 	C:\WINDOWS\system32\sensapi.dll
0x204a0000 - 0x20543000 	C:\WINDOWS\system32\urlmon.dll
0x20560000 - 0x20587000 	C:\WINDOWS\system32\DNSAPI.dll
0x20590000 - 0x20596000 	C:\WINDOWS\system32\rasadhlp.dll
0x20600000 - 0x20614000 	C:\R\R-2.15.1\library\rJava\libs\i386\rJava.dll
0x20620000 - 0x2096d000 	C:\Program Files\Java\jre7\bin\client\jvm.dll
0x20970000 - 0x2097b000 	C:\WINDOWS\system32\PSAPI.DLL
0x20980000 - 0x20a3d000 	C:\WINDOWS\system32\MSVCR100.dll
0x20a50000 - 0x20a5c000 	C:\Program Files\Java\jre7\bin\verify.dll
0x20a60000 - 0x20a80000 	C:\Program Files\Java\jre7\bin\java.dll
0x20ab0000 - 0x20ac3000 	C:\Program Files\Java\jre7\bin\zip.dll
0x50c60000 - 0x50d01000 	C:\WINDOWS\system32\dbghelp.dll

VM Arguments:
jvm_args: -Dr.arch=/i386 -Xmx512m 
java_command: <unknown>
Launcher Type: generic

Environment Variables:
PATH=C:\R\R-2.15.1\bin\i386;C:\cygwin\usr\sbin;C:\cygwin\bin;C:\Python33\;C:\Program Files\Notepad++\;C:\WINDOWS\system32;C:\WINDOWS;C:\WINDOWS\System32\Wbem;C:\Rtools\bin;C:\R\R-2.15.1\bin;C:\Program Files\MiKTeX 2.9\miktex\bin\;C:\Rtools\gcc-4.6.3\bin;C:\OpenMPI_v1.6.2-win32\bin;C:\Program Files\Heroku\bin;C:\Program Files\ruby-1.9.2\bin;C:\Program Files\git\bin;C:\Program Files\Git\cmd;C:\Program Files\MPICH2\bin
USERNAME=gisuser
DISPLAY=:0
OS=Windows_NT
PROCESSOR_IDENTIFIER=x86 Family 15 Model 6 Stepping 2, GenuineIntel



---------------  S Y S T E M  ---------------

OS: Windows XP Build 2600 Service Pack 2

CPU:total 2 (2 cores per cpu, 1 threads per core) family 15 model 6 stepping 2, cmov, cx8, fxsr, mmx, sse, sse2, sse3, tsc

Memory: 4k page, physical 3665436k(1432436k free), swap 5598008k(3510592k free)

vm_info: Java HotSpot(TM) Client VM (23.5-b02) for windows-x86 JRE (1.7.0_09-b05), built on Sep 24 2012 22:01:33 by "java_re" with unknown MS VC++:1600

time: Fri Dec 21 09:45:49 2012
elapsed time: 0 seconds

